


ARM Macro Assembler    Page 1 


    1 00000000                 area             problem1, code, readonly
    2 00000000         
    3 00000000         main
    4 00000000 E59FB06C        ldr              r11, address1 ;load address
    5 00000004         
    6 00000004 E3A00001        mov              r0, #1
    7 00000008         
    8 00000008 E3A01001        mov              r1, #1      ;1!
    9 0000000C E48B1004        str              r1,[r11], #4 ;store value
   10 00000010         
   11 00000010 E1A02081        mov              r2, r1,lsl #1 ; 2!
   12 00000014 E48B2004        str              r2,[r11], #4 ;store value
   13 00000018         
   14 00000018 E1A03082        mov              r3, r2,lsl #1
   15 0000001C E0833002        add              r3, r3, r2
   16 00000020 E48B3004        str              r3,[r11], #4 ;store value
   17 00000024         
   18 00000024 E1A04103        mov              r4, r3, lsl #2 ;4!
   19 00000028 E48B4004        str              r4,[r11], #4 ;store value
   20 0000002C         
   21 0000002C E1A05104        mov              r5, r4, lsl #2
   22 00000030 E0855004        add              r5, r5, r4  ;5!
   23 00000034 E48B5004        str              r5,[r11], #4 ;store value
   24 00000038         
   25 00000038 E1A06105        mov              r6, r5, lsl #2
   26 0000003C E0866085        add              r6, r6, r5, lsl #1 ;6!
   27 00000040 E48B6004        str              r6,[r11], #4 ;store value
   28 00000044         
   29 00000044 E1A07186        mov              r7, r6, lsl #3
   30 00000048 E0477006        sub              r7, r7,r6   ;7!
   31 0000004C E48B7004        str              r7,[r11], #4 ;store value
   32 00000050         
   33 00000050 E1A08187        mov              r8, r7, lsl #3 ;8!
   34 00000054 E48B8004        str              r8,[r11], #4 ;store value
   35 00000058         
   36 00000058 E1A09188        mov              r9, r8, lsl #3
   37 0000005C E0899008        add              r9, r9, r8  ;9!
   38 00000060 E48B9004        str              r9,[r11], #4 ;store value
   39 00000064         
   40 00000064 E1A0A189        mov              r10, r9, lsl #3
   41 00000068 E08AA089        add              r10, r10, r9, lsl #1 ;10!
   42 0000006C E48BA004        str              r10,[r11], #4 ;store value
   43 00000070         
   44 00000070 E1A0F00E        mov              pc,lr
   45 00000074         
   46 00000074 00040000 
                       address1
                               DCD              0x40000     ;declare address
   47 00000078         
   48 00000078         end
   49 00000078         
                       
Command Line: --debug --xref --diag_suppress=9931 --cpu=ARM9E --apcs=interwork 
--depend=.\objects\problem1.d -o.\objects\problem1.o -IC:\Keil_v5\ARM\RV31\INC 
-IC:\Keil_v5\ARM\CMSIS\Include --predefine="__EVAL SETA 1" --predefine="__UVISI
ON_VERSION SETA 524" --list=.\listings\problem1.lst problem1.s



ARM Macro Assembler    Page 1 Alphabetic symbol ordering
Relocatable symbols

address1 00000074

Symbol: address1
   Definitions
      At line 46 in file problem1.s
   Uses
      At line 4 in file problem1.s
Comment: address1 used once
end 00000078

Symbol: end
   Definitions
      At line 48 in file problem1.s
   Uses
      None
Comment: end unused
main 00000000

Symbol: main
   Definitions
      At line 3 in file problem1.s
   Uses
      None
Comment: main unused
problem1 00000000

Symbol: problem1
   Definitions
      At line 1 in file problem1.s
   Uses
      None
Comment: problem1 unused
4 symbols
336 symbols in table
