


ARM Macro Assembler    Page 1 


    1 00000000 0000000D 
                       cr      equ              0x0d
    2 00000000 00000020 
                       sc      equ              0x20        ;declare cr,sc(spac
                                                            e)
    3 00000000         
    4 00000000                 area             problem, code, readonly
    5 00000000                 entry
    6 00000000         main
    7 00000000 E59F0054        ldr              r0, =arr1   ;load the address o
                                                            f the arr1(characte
                                                            r)
    8 00000004 E59F1054        ldr              r1, =arr2   ;load the address o
                                                            f the arr2
    9 00000008 E3A02001        mov              r2,#1       ;r2<-1
   10 0000000C E54F2008        strb             r2,k        ;k<-r2(1)
   11 00000010 EB000000        BL               copy_arr_wo_space 
                                                            ;copy function
   12 00000014 EA00000F        B                endline     ;end function
   13 00000018         
   14 00000018         copy_arr_wo_space
   15 00000018 E8AD003F        stmea            sp!, {r0-r5} ;store data in sta
                                                            ck
   16 0000001C E3A03000        mov              r3,#0       ;r3<-0(i)
   17 00000020 E3A04000        mov              r4,#0       ;r4<-0(j)
   18 00000024         loop
   19 00000024 E0435004        sub              r5,r3,r4    ;r5 = r3-r4(i-j)
   20 00000028 E4D02001        ldrb             r2,[r0],#1  ;load 1byte of char
                                                            acter
   21 0000002C E352000D        cmp              r2,#cr      ;if r2 is cr
   22 00000030 0A000005        BEQ              cal         ;go to cal function
                                                            
   23 00000034 E2833001        add              r3,r3,#1    ;r3++
   24 00000038 E3520020        cmp              r2,#sc      ;if r2 is sc(space)
                                                            
   25 0000003C 02844001        addeq            r4,r4,#1    ;r4++
   26 00000040 0AFFFFF7        beq              loop        ;go to loop
   27 00000044 E7C12005        strb             r2,[r1,r5]  ;store r1 in r2 pos
                                                            ition of r5
   28 00000048 EAFFFFF5        B                loop        ;go to loop
   29 0000004C         cal
   30 0000004C E54F5008        strb             r5,k        ;store r5 in k
   31 00000050 E93D003F        ldmea            sp!, {r0-r5} ;load data from st
                                                            ack
   32 00000054 E1A0F00E        mov              pc,lr       ;go to main
   33 00000058         endline
   34 00000058 E3A0F000        mov              pc,#0       ;end
   35 0000005C         
   36 0000005C         ;=====result area
   37 0000005C 00000000 
              00000000         area             dataArray, DATA
   38 00000000 00      k       dcb              0           ;count
   39 00000001 48 65 6C 
              6C 6F 20 
              57 6F 72 
              6C 64 0D arr1    dcb              "Hello World",cr ;character
   40 0000000D 00 00 00        align
   41 00000010 00      arr2    dcb              0
   42 00000011         



ARM Macro Assembler    Page 2 


   43 00000011                 end
Command Line: --debug --xref --diag_suppress=9931 --cpu=ARM9E --apcs=interwork 
--depend=.\objects\problem.d -o.\objects\problem.o -IC:\Keil_v5\ARM\RV31\INC -I
C:\Keil_v5\ARM\CMSIS\Include --predefine="__EVAL SETA 1" --predefine="__UVISION
_VERSION SETA 524" --list=.\listings\problem.lst problem.s



ARM Macro Assembler    Page 1 Alphabetic symbol ordering
Relocatable symbols

cal 0000004C

Symbol: cal
   Definitions
      At line 29 in file problem.s
   Uses
      At line 22 in file problem.s
Comment: cal used once
copy_arr_wo_space 00000018

Symbol: copy_arr_wo_space
   Definitions
      At line 14 in file problem.s
   Uses
      At line 11 in file problem.s
Comment: copy_arr_wo_space used once
endline 00000058

Symbol: endline
   Definitions
      At line 33 in file problem.s
   Uses
      At line 12 in file problem.s
Comment: endline used once
loop 00000024

Symbol: loop
   Definitions
      At line 18 in file problem.s
   Uses
      At line 26 in file problem.s
      At line 28 in file problem.s

main 00000000

Symbol: main
   Definitions
      At line 6 in file problem.s
   Uses
      None
Comment: main unused
problem 00000000

Symbol: problem
   Definitions
      At line 4 in file problem.s
   Uses
      None
Comment: problem unused
6 symbols



ARM Macro Assembler    Page 1 Alphabetic symbol ordering
Relocatable symbols

arr1 00000001

Symbol: arr1
   Definitions
      At line 39 in file problem.s
   Uses
      At line 7 in file problem.s
Comment: arr1 used once
arr2 00000010

Symbol: arr2
   Definitions
      At line 41 in file problem.s
   Uses
      At line 8 in file problem.s
Comment: arr2 used once
dataArray 00000000

Symbol: dataArray
   Definitions
      At line 37 in file problem.s
   Uses
      None
Comment: dataArray unused
k 00000000

Symbol: k
   Definitions
      At line 38 in file problem.s
   Uses
      At line 10 in file problem.s
      At line 30 in file problem.s

4 symbols



ARM Macro Assembler    Page 1 Alphabetic symbol ordering
Absolute symbols

cr 0000000D

Symbol: cr
   Definitions
      At line 1 in file problem.s
   Uses
      At line 21 in file problem.s
      At line 39 in file problem.s

sc 00000020

Symbol: sc
   Definitions
      At line 2 in file problem.s
   Uses
      At line 24 in file problem.s
Comment: sc used once
2 symbols
346 symbols in table
