


ARM Macro Assembler    Page 1 


    1 00000000                 area             program1, code, readonly
    2 00000000         
    3 00000000         main
    4 00000000 E59FA118        ldr              r10, =value1 ;load first value
    5 00000004 E59FB118        ldr              r11, =value2 ;load second value
                                                            
    6 00000008 E59A0000        ldr              r0, [r10]
    7 0000000C E59B1000        ldr              r1, [r11]
    8 00000010 E59FC104        ldr              r12, tempaddr1 ;load address
    9 00000014         
   10 00000014 E3500000        cmp              r0,#0x00000000 ;if first value 
                                                            is 0
   11 00000018 01A02001        moveq            r2,r1
   12 0000001C 058C2000        streq            r2,[r12]    ;store value in mem
                                                            ory
   13 00000020 0A00003A        beq              stop        ;end
   14 00000024 E3510000        cmp              r1,#0x00000000 ;if second value
                                                             is 0
   15 00000028 01A02000        moveq            r2,r0
   16 0000002C 058C2000        streq            r2,[r12]    ;store value in mem
                                                            ory
   17 00000030 0A000036        beq              stop        ;end
   18 00000034 E3500102        cmp              r0,#0x80000000 ;if first value 
                                                            is -0
   19 00000038 01A02001        moveq            r2,r1
   20 0000003C 058C2000        streq            r2,[r12]    ;store value in mem
                                                            ory
   21 00000040 0A000032        beq              stop        ;end
   22 00000044 E3510102        cmp              r1,#0x80000000 ;if second value
                                                             is -0
   23 00000048 01A02000        moveq            r2,r0
   24 0000004C 058C2000        streq            r2,[r12]    ;store value in mem
                                                            ory
   25 00000050 0A00002E        beq              stop        ;end
   26 00000054         
   27 00000054 E1A03FA0        mov              r3, r0, LSR #31
   28 00000058 E1A04FA1        mov              r4, r1, LSR #31
   29 0000005C E1A03F83        mov              r3, r3, LSL #31 ;sign bit of fi
                                                            srt value
   30 00000060 E1A04F84        mov              r4, r4, LSL #31 ;sign bit of se
                                                            cond value
   31 00000064         ;set signbit on 32bit
   32 00000064         
   33 00000064 E1A05080        mov              r5, r0, LSL #1
   34 00000068 E1A06081        mov              r6, r1, LSL #1
   35 0000006C E1A05C25        mov              r5, r5, LSR #24 ;find exponent 
                                                            of first value
   36 00000070 E1A06C26        mov              r6, r6, LSR #24 ;find exponent 
                                                            of second value
   37 00000074         
   38 00000074 E1A07480        mov              r7, r0, LSL #9 ;set mantissa of
                                                             first value on mos
                                                            tleft bit
   39 00000078 E1A08481        mov              r8, r1, LSL #9 ;set mantissa of
                                                             second value on mo
                                                            setleft bit
   40 0000007C         
   41 0000007C E1A070A7        mov              r7, r7, LSR #1
   42 00000080 E1A080A8        mov              r8, r8, LSR #1



ARM Macro Assembler    Page 2 


   43 00000084 E2877102        add              r7, r7, #0x80000000 ;set fracti
                                                            on of first value o
                                                            n mostleft bit
   44 00000088 E2888102        add              r8, r8, #0x80000000 ;set fracti
                                                            on of second value 
                                                            on mostleft bit
   45 0000008C         
   46 0000008C E1550006        cmp              r5,r6       ; compare exponent
   47 00000090 C0459006        subgt            r9,r5,r6
   48 00000094 C1A08938        movgt            r8, r8, LSR r9
   49 00000098 B0469005        sublt            r9,r6,r5
   50 0000009C B1A07937        movlt            r7, r7, LSR r9
   51 000000A0 B1A05006        movlt            r5,r6
   52 000000A4         ;large exponent - small exponent = shiftnum of small fra
                       ction
   53 000000A4         
   54 000000A4         
   55 000000A4 E1530004        cmp              r3,r4       ;compare signbit
   56 000000A8 0A000000        BEQ              samesignbit ;if same signbit
   57 000000AC         
   58 000000AC 1A000008        BNE              notsame     ;if not same
   59 000000B0         
   60 000000B0         
   61 000000B0         samesignbit                          ;case of equal sign
                                                            bit
   62 000000B0 E0972008        adds             r2, r7 ,r8  ;add two fraction
   63 000000B4 22855001        addcs            r5,r5,#0x00000001 ;if carry set
                                                            , exponent++
   64 000000B8 31A02082        movcc            r2,r2,LSL #1 ;if carry clear, m
                                                            ake mantissa
   65 000000BC E1A024A2        mov              r2,r2,LSR #9 ;set mantissa on m
                                                            antissa position
   66 000000C0 E1A05B85        mov              r5,r5,LSL #23 ;set exponent on 
                                                            exponent position
   67 000000C4 E0852002        add              r2, r5,r2
   68 000000C8 E0832002        add              r2, r3,r2   ;make floating poin
                                                            t after addition
   69 000000CC         
   70 000000CC E58C2000        str              r2,[r12]    ;store value in mem
                                                            ory
   71 000000D0 EA00000E        B                stop        ;end
   72 000000D4         
   73 000000D4         notsame                              ;case of not equal
   74 000000D4 E1570008        cmp              r7,r8       ;compare fraction
   75 000000D8 50472008        subpl            r2, r7,r8
   76 000000DC 40482007        submi            r2, r8,r7   ;large fraction - s
                                                            mall fration
   77 000000E0         
   78 000000E0         loop                                 ;find 1. of fractio
                                                            n
   79 000000E0 E3520102        cmp              r2,#0x80000000
   80 000000E4 42455001        submi            r5,r5,#0x00000001 
                                                            ;reset exponent 
   81 000000E8 41A02082        movmi            r2, r2, LSL #1
   82 000000EC E3520102        cmp              r2,#0x80000000
   83 000000F0 BAFFFFFA        BLT              loop        ;if before find 1. 
                                                            of fraction, go to 
                                                            loop
   84 000000F4 E1A02082        mov              r2,r2, LSL #1



ARM Macro Assembler    Page 3 


   85 000000F8 E1A024A2        mov              r2,r2,LSR #9
   86 000000FC E1A05B85        mov              r5,r5,LSL #23 ;set each value o
                                                            n each position
   87 00000100 E0822005        add              r2,r2,r5
   88 00000104 E0822003        add              r2, r2, r3  ;addition of matiss
                                                            a, signbit and expo
                                                            nent
   89 00000108         
   90 00000108 E58C2000        str              r2,[r12]    ;store value in mem
                                                            ory
   91 0000010C EAFFFFFF        B                stop        ;end
   92 00000110         
   93 00000110         
   94 00000110         stop
   95 00000110 E3A0F000        mov              pc,#0
   96 00000114         
   97 00000114 3FC00000 
                       value1  DCD              0x3FC00000
   98 00000118 40500000 
                       value2  DCD              0x40500000
   99 0000011C 00040000 
                       tempaddr1
                               DCD              0x00040000
  100 00000120         
  101 00000120         end
  102 00000120         
  103 00000120         
                       
              00000000 
              00000000 
Command Line: --debug --xref --diag_suppress=9931 --cpu=ARM9E --apcs=interwork 
--depend=.\objects\program1.d -o.\objects\program1.o -IC:\Keil_v5\ARM\RV31\INC 
-IC:\Keil_v5\ARM\CMSIS\Include --predefine="__EVAL SETA 1" --predefine="__UVISI
ON_VERSION SETA 524" --list=.\listings\program1.lst program1.s



ARM Macro Assembler    Page 1 Alphabetic symbol ordering
Relocatable symbols

end 00000120

Symbol: end
   Definitions
      At line 101 in file program1.s
   Uses
      None
Comment: end unused
loop 000000E0

Symbol: loop
   Definitions
      At line 78 in file program1.s
   Uses
      At line 83 in file program1.s
Comment: loop used once
main 00000000

Symbol: main
   Definitions
      At line 3 in file program1.s
   Uses
      None
Comment: main unused
notsame 000000D4

Symbol: notsame
   Definitions
      At line 73 in file program1.s
   Uses
      At line 58 in file program1.s
Comment: notsame used once
program1 00000000

Symbol: program1
   Definitions
      At line 1 in file program1.s
   Uses
      None
Comment: program1 unused
samesignbit 000000B0

Symbol: samesignbit
   Definitions
      At line 61 in file program1.s
   Uses
      At line 56 in file program1.s
Comment: samesignbit used once
stop 00000110

Symbol: stop
   Definitions
      At line 94 in file program1.s
   Uses
      At line 13 in file program1.s
      At line 17 in file program1.s
      At line 21 in file program1.s
      At line 25 in file program1.s
      At line 71 in file program1.s



ARM Macro Assembler    Page 2 Alphabetic symbol ordering
Relocatable symbols

      At line 91 in file program1.s

tempaddr1 0000011C

Symbol: tempaddr1
   Definitions
      At line 99 in file program1.s
   Uses
      At line 8 in file program1.s
Comment: tempaddr1 used once
value1 00000114

Symbol: value1
   Definitions
      At line 97 in file program1.s
   Uses
      At line 4 in file program1.s
Comment: value1 used once
value2 00000118

Symbol: value2
   Definitions
      At line 98 in file program1.s
   Uses
      At line 5 in file program1.s
Comment: value2 used once
10 symbols
344 symbols in table
